Device: mps


[Pretrain] Subject 1
  Epoch  train_mse  val_mse  val_r2
      1  1280412.1610  17373.6105  -0.133
      5  2493848.0644  17015.5117  -0.110
     10  1280222.8541  16651.2844  -0.086
     15  5273605.5586  16482.5053  -0.075
     20  335761.9452  16451.9229  -0.073
  Best val_r2 = -0.0733  →  subj1_pretrained_v1.pt

[Fine-tune] Subject 1
  Parameters: 652,613
  Loaded 33/35 weight tensors from pretrained checkpoint
  Train windows:  11864  Val windows:     23  (T=29980, split at t=23984)
  Epoch  train_loss  val_loss  val_corr
      1      0.0943    0.0350    0.2905  [Thumb=0.621  Index=0.544  Middle=0.124  Pinky=-0.127]
      5      0.0094    0.0340    0.4072  [Thumb=0.595  Index=0.812  Middle=0.163  Pinky=0.059]
     10      0.0053    0.0354    0.3681  [Thumb=0.588  Index=0.821  Middle=0.074  Pinky=-0.010]
     15      0.0037    0.0324    0.4005  [Thumb=0.591  Index=0.811  Middle=0.133  Pinky=0.067]
     20      0.0030    0.0322    0.4073  [Thumb=0.592  Index=0.813  Middle=0.101  Pinky=0.124]
     25      0.0028    0.0322    0.4205  [Thumb=0.587  Index=0.808  Middle=0.122  Pinky=0.165]
     30      0.0027    0.0320    0.4143  [Thumb=0.584  Index=0.806  Middle=0.106  Pinky=0.161]
  Best val_corr = 0.4556  →  subj1_cnn_best_v1.pt

[Pretrain] Subject 2
  Epoch  train_mse  val_mse  val_r2
      1  18480.8155  15716.0863  -0.129
      5  17200.6259  15375.0304  -0.105
     10  15607.8157  15028.5971  -0.080
     15  17684.2762  14865.7761  -0.068
     20  16510.1770  14835.8331  -0.066
  Best val_r2 = -0.0659  →  subj2_pretrained_v1.pt

[Fine-tune] Subject 2
  Parameters: 598,853
  Loaded 33/35 weight tensors from pretrained checkpoint
  Train windows:  11864  Val windows:     23  (T=29980, split at t=23984)
  Epoch  train_loss  val_loss  val_corr
      1      0.1042    0.0443    0.2642  [Thumb=0.397  Index=0.338  Middle=0.234  Pinky=0.088]
      5      0.0097    0.0482    0.3127  [Thumb=0.648  Index=0.568  Middle=0.138  Pinky=-0.103]
     10      0.0047    0.0436    0.4413  [Thumb=0.669  Index=0.621  Middle=0.153  Pinky=0.323]
     15      0.0033    0.0433    0.4499  [Thumb=0.715  Index=0.598  Middle=0.127  Pinky=0.360]
     20      0.0027    0.0431    0.4695  [Thumb=0.765  Index=0.598  Middle=0.130  Pinky=0.384]
     25      0.0025    0.0422    0.4656  [Thumb=0.763  Index=0.598  Middle=0.140  Pinky=0.362]
     30      0.0024    0.0425    0.4682  [Thumb=0.758  Index=0.593  Middle=0.150  Pinky=0.372]
  Best val_corr = 0.4695  →  subj2_cnn_best_v1.pt

[Pretrain] Subject 3
  Epoch  train_mse  val_mse  val_r2
      1  11836.7089  11482.9403  -0.077
      5  11666.9950  11264.5345  -0.057
     10  11389.1042  11058.6109  -0.038
     15  11282.4188  10968.6330  -0.029
     20  11187.6391  10952.6062  -0.028
  Best val_r2 = -0.0277  →  subj3_pretrained_v1.pt

[Fine-tune] Subject 3
  Parameters: 660,293
  Loaded 33/35 weight tensors from pretrained checkpoint
  Train windows:  11864  Val windows:     23  (T=29980, split at t=23984)
  Epoch  train_loss  val_loss  val_corr
      1      0.1559    0.0404    0.5320  [Thumb=0.690  Index=0.453  Middle=0.597  Pinky=0.388]
      5      0.0112    0.0339    0.6192  [Thumb=0.757  Index=0.540  Middle=0.558  Pinky=0.622]
     10      0.0056    0.0352    0.6206  [Thumb=0.759  Index=0.515  Middle=0.530  Pinky=0.678]
     15      0.0040    0.0361    0.6456  [Thumb=0.756  Index=0.531  Middle=0.586  Pinky=0.709]
     20      0.0034    0.0365    0.6353  [Thumb=0.749  Index=0.523  Middle=0.565  Pinky=0.703]
     25      0.0031    0.0366    0.6408  [Thumb=0.753  Index=0.534  Middle=0.563  Pinky=0.713]
     30      0.0030    0.0370    0.6369  [Thumb=0.752  Index=0.525  Middle=0.557  Pinky=0.713]
  Best val_corr = 0.6456  →  subj3_cnn_best_v1.pt

=== CNN Summary ===
  Subject 1: val_corr = 0.4556
  Subject 2: val_corr = 0.4695
  Subject 3: val_corr = 0.6456
  Mean: 0.5235
