Device: mps


[Pretrain] Subject 1
  Epoch  train_mse  val_mse  val_r2
      1  1280431.2727  17417.5696  -0.136
      5  2494002.1355  17228.0842  -0.124
     10  1280505.2293  17020.8773  -0.110
     15  5273953.0195  16918.2938  -0.104
     20  336094.0499  16899.3216  -0.102
  Best val_r2 = -0.1024  →  subj1_pretrained_v2.pt

[Fine-tune] Subject 1
  Parameters: 652,613
  Loaded 29/35 weight tensors from pretrained checkpoint
  Train windows:  11864  Val windows:     23  (T=29980, split at t=23984)
  Epoch  train_loss  val_loss  val_corr
      1      0.0804    0.0338    0.1767  [Thumb=0.588  Index=0.352  Middle=0.101  Pinky=-0.334]
      5      0.0089    0.0402    0.4184  [Thumb=0.459  Index=0.789  Middle=0.303  Pinky=0.123]
     10      0.0048    0.0403    0.4253  [Thumb=0.460  Index=0.772  Middle=0.449  Pinky=0.020]
     15      0.0034    0.0408    0.4279  [Thumb=0.448  Index=0.778  Middle=0.433  Pinky=0.052]
     20      0.0028    0.0378    0.4444  [Thumb=0.478  Index=0.788  Middle=0.422  Pinky=0.090]
     25      0.0025    0.0380    0.4540  [Thumb=0.470  Index=0.774  Middle=0.449  Pinky=0.123]
     30      0.0025    0.0376    0.4565  [Thumb=0.467  Index=0.774  Middle=0.465  Pinky=0.119]
  Best val_corr = 0.4718  →  subj1_cnn_best_v2.pt

[Pretrain] Subject 2
  Epoch  train_mse  val_mse  val_r2
      1  18498.9398  15755.4173  -0.132
      5  17352.8684  15570.0473  -0.119
     10  15884.8592  15369.9132  -0.104
     15  18023.8064  15270.6506  -0.097
     20  16859.3010  15252.1479  -0.096
  Best val_r2 = -0.0958  →  subj2_pretrained_v2.pt

[Fine-tune] Subject 2
  Parameters: 598,853
  Loaded 29/35 weight tensors from pretrained checkpoint
  Train windows:  11864  Val windows:     23  (T=29980, split at t=23984)
  Epoch  train_loss  val_loss  val_corr
      1      0.0778    0.0425    0.3466  [Thumb=0.435  Index=0.465  Middle=0.282  Pinky=0.205]
      5      0.0086    0.0471    0.4079  [Thumb=0.636  Index=0.622  Middle=0.297  Pinky=0.077]
     10      0.0044    0.0459    0.4307  [Thumb=0.737  Index=0.641  Middle=0.303  Pinky=0.041]
     15      0.0031    0.0456    0.4484  [Thumb=0.688  Index=0.629  Middle=0.333  Pinky=0.144]
     20      0.0025    0.0465    0.4304  [Thumb=0.670  Index=0.581  Middle=0.315  Pinky=0.156]
     25      0.0022    0.0451    0.4489  [Thumb=0.688  Index=0.586  Middle=0.310  Pinky=0.211]
     30      0.0022    0.0444    0.4533  [Thumb=0.689  Index=0.595  Middle=0.311  Pinky=0.218]
  Best val_corr = 0.4571  →  subj2_cnn_best_v2.pt

[Pretrain] Subject 3
  Epoch  train_mse  val_mse  val_r2
      1  11850.8907  11508.3054  -0.080
      5  11789.0638  11388.8041  -0.069
     10  11604.7598  11261.8351  -0.057
     15  11534.7118  11200.4314  -0.051
     20  11444.6901  11189.1403  -0.050
  Best val_r2 = -0.0499  →  subj3_pretrained_v2.pt

[Fine-tune] Subject 3
  Parameters: 660,293
  Loaded 29/35 weight tensors from pretrained checkpoint
  Train windows:  11864  Val windows:     23  (T=29980, split at t=23984)
  Epoch  train_loss  val_loss  val_corr
      1      0.0693    0.0414    0.5241  [Thumb=0.561  Index=0.525  Middle=0.646  Pinky=0.364]
      5      0.0093    0.0416    0.5953  [Thumb=0.747  Index=0.466  Middle=0.492  Pinky=0.676]
     10      0.0051    0.0420    0.5749  [Thumb=0.747  Index=0.412  Middle=0.472  Pinky=0.669]
     15      0.0037    0.0383    0.6160  [Thumb=0.762  Index=0.470  Middle=0.566  Pinky=0.666]
     20      0.0031    0.0389    0.5975  [Thumb=0.738  Index=0.434  Middle=0.513  Pinky=0.705]
     25      0.0028    0.0372    0.6111  [Thumb=0.744  Index=0.466  Middle=0.541  Pinky=0.693]
     30      0.0027    0.0372    0.6066  [Thumb=0.750  Index=0.456  Middle=0.551  Pinky=0.670]
  Best val_corr = 0.6160  →  subj3_cnn_best_v2.pt

=== CNN Summary ===
  Subject 1: val_corr = 0.4718
  Subject 2: val_corr = 0.4571
  Subject 3: val_corr = 0.6160
  Mean: 0.5150
