Device: mps  |  Seed: 42

Run version: v3

[Pretrain] Subject 1
  Epoch  train_mse  val_mse  val_r2
      1  6501877.7879  17417.2231  -0.136
      5  2674746.1628  17225.1254  -0.124
     10  67497.5485  17017.2897  -0.110
     15  2542739.9111  16914.1544  -0.103
     20  2488095.6545  16895.1716  -0.102
  Best val_r2 = -0.1022  →  subj1_pretrained_v3.pt

[Fine-tune] Subject 1
  Parameters: 652,613
  Loaded 29/35 weight tensors from pretrained checkpoint
  Train windows:  11864  Val windows:     23  (T=29980, split at t=23984)
  Epoch  train_loss  val_loss  val_corr
  Encoder frozen for epochs 1–15
      1      0.1435    0.0702   -0.0092  [Thumb=0.142  Index=-0.059  Middle=0.013  Pinky=-0.132]
      5      0.0531    0.0303    0.0532  [Thumb=0.371  Index=0.092  Middle=-0.013  Pinky=-0.237]
     10      0.0455    0.0289    0.0885  [Thumb=0.336  Index=0.231  Middle=0.022  Pinky=-0.235]
     15      0.0444    0.0297    0.0944  [Thumb=0.325  Index=0.240  Middle=0.061  Pinky=-0.248]
  Encoder unfrozen at epoch 16
     20      0.0042    0.0304    0.3833  [Thumb=0.554  Index=0.793  Middle=0.095  Pinky=0.092]
     25      0.0032    0.0309    0.3722  [Thumb=0.544  Index=0.788  Middle=0.083  Pinky=0.074]
     30      0.0031    0.0308    0.3742  [Thumb=0.549  Index=0.792  Middle=0.082  Pinky=0.074]
  Best val_corr = 0.3833  →  subj1_cnn_best_v3.pt

[Pretrain] Subject 2
  Epoch  train_mse  val_mse  val_r2
      1  20502.5827  15755.7318  -0.132
      5  20655.4224  15580.1444  -0.119
     10  17348.5859  15391.7964  -0.106
     15  15971.7010  15298.8741  -0.099
     20  18594.9296  15281.7012  -0.098
  Best val_r2 = -0.0980  →  subj2_pretrained_v3.pt

[Fine-tune] Subject 2
  Parameters: 598,853
  Loaded 29/35 weight tensors from pretrained checkpoint
  Train windows:  11864  Val windows:     23  (T=29980, split at t=23984)
  Epoch  train_loss  val_loss  val_corr
  Encoder frozen for epochs 1–15
      1      0.1557    0.0995    0.1346  [Thumb=0.200  Index=0.143  Middle=0.094  Pinky=0.102]
      5      0.0328    0.0403    0.2853  [Thumb=0.254  Index=0.264  Middle=0.241  Pinky=0.382]
     10      0.0193    0.0393    0.3405  [Thumb=0.361  Index=0.234  Middle=0.245  Pinky=0.522]
     15      0.0157    0.0400    0.3661  [Thumb=0.469  Index=0.198  Middle=0.227  Pinky=0.570]
  Encoder unfrozen at epoch 16
     20      0.0051    0.0382    0.4451  [Thumb=0.817  Index=0.325  Middle=0.304  Pinky=0.334]
     25      0.0040    0.0410    0.4059  [Thumb=0.793  Index=0.305  Middle=0.227  Pinky=0.299]
     30      0.0037    0.0410    0.4005  [Thumb=0.788  Index=0.301  Middle=0.228  Pinky=0.284]
  Best val_corr = 0.4824  →  subj2_cnn_best_v3.pt

[Pretrain] Subject 3
  Epoch  train_mse  val_mse  val_r2
      1  11779.5075  11508.4731  -0.080
      5  11547.0659  11387.4293  -0.068
     10  11483.6527  11256.2127  -0.056
     15  11386.1640  11192.5733  -0.050
     20  11437.8391  11180.9604  -0.049
  Best val_r2 = -0.0491  →  subj3_pretrained_v3.pt

[Fine-tune] Subject 3
  Parameters: 660,293
  Loaded 29/35 weight tensors from pretrained checkpoint
  Train windows:  11864  Val windows:     23  (T=29980, split at t=23984)
  Epoch  train_loss  val_loss  val_corr
  Encoder frozen for epochs 1–15
      1      0.1244    0.0860    0.1914  [Thumb=0.116  Index=0.192  Middle=0.232  Pinky=0.226]
      5      0.0419    0.0594    0.3084  [Thumb=0.372  Index=0.275  Middle=0.151  Pinky=0.435]
     10      0.0311    0.0663    0.2524  [Thumb=0.336  Index=0.230  Middle=0.021  Pinky=0.423]
     15      0.0268    0.0658    0.2582  [Thumb=0.352  Index=0.202  Middle=0.013  Pinky=0.466]
  Encoder unfrozen at epoch 16
     20      0.0062    0.0390    0.6024  [Thumb=0.745  Index=0.495  Middle=0.459  Pinky=0.710]
     25      0.0046    0.0392    0.6025  [Thumb=0.755  Index=0.472  Middle=0.471  Pinky=0.713]
     30      0.0043    0.0396    0.6028  [Thumb=0.756  Index=0.464  Middle=0.483  Pinky=0.708]
  Best val_corr = 0.6058  →  subj3_cnn_best_v3.pt

=== CNN Summary ===
  Subject 1: val_corr = 0.3833
  Subject 2: val_corr = 0.4824
  Subject 3: val_corr = 0.6058
  Mean: 0.4905

  Metadata saved → /Users/home/BE5210Homework/BE5210FinalProject/metadata/cnn_v3.json
